# JRE version: OpenJDK Runtime Environment Microsoft-8035246 (17.0.8+7) (build 17.0.8+7-LTS)
# Java VM: OpenJDK 64-Bit Server VM Microsoft-8035246 (17.0.8+7-LTS, mixed mode, sharing, tiered, compressed oops, compressed class ptrs, g1 gc, windows-amd64)
GC Precious Log:
 CPUs: 4 total, 4 available
 Memory: 8108M
 Large Page Support: Disabled
 NUMA Support: Disabled
 Compressed Oops: Enabled (32-bit)
 Heap Region Size: 1M
 Heap Min Capacity: 8M
 Heap Initial Capacity: 128M
 Heap Max Capacity: 2G
 Pre-touch: Disabled
 Parallel Workers: 4
 Concurrent Workers: 1
 Concurrent Refinement Workers: 4
 Periodic GC: Disabled
Heap:
 garbage-first heap   total 295936K, used 212076K [0x0000000080000000, 0x0000000100000000)
  region size 1024K, 36 young (36864K), 6 survivors (6144K)
 Metaspace       used 101522K, committed 102656K, reserved 557056K
  class space    used 14082K, committed 14592K, reserved 425984K
GC Heap History (20 events):
Event: 38.996 GC heap before
{Heap before GC invocations=45 (full 0):
 garbage-first heap   total 168960K, used 99845K [0x0000000080000000, 0x0000000100000000)
  region size 1024K, 8 young (8192K), 3 survivors (3072K)
 Metaspace       used 80580K, committed 81344K, reserved 557056K
  class space    used 11235K, committed 11584K, reserved 425984K
}
Event: 38.999 GC heap after
{Heap after GC invocations=46 (full 0):
 garbage-first heap   total 168960K, used 93864K [0x0000000080000000, 0x0000000100000000)
  region size 1024K, 1 young (1024K), 1 survivors (1024K)
 Metaspace       used 80580K, committed 81344K, reserved 557056K
  class space    used 11235K, committed 11584K, reserved 425984K
}
Event: 39.487 GC heap before
{Heap before GC invocations=46 (full 0):
 garbage-first heap   total 168960K, used 134824K [0x0000000080000000, 0x0000000100000000)
  region size 1024K, 41 young (41984K), 1 survivors (1024K)
 Metaspace       used 83489K, committed 84224K, reserved 557056K
  class space    used 11795K, committed 12160K, reserved 425984K
}
Event: 39.492 GC heap after
{Heap after GC invocations=47 (full 0):
 garbage-first heap   total 295936K, used 94859K [0x0000000080000000, 0x0000000100000000)
  region size 1024K, 2 young (2048K), 2 survivors (2048K)
 Metaspace       used 83489K, committed 84224K, reserved 557056K
  class space    used 11795K, committed 12160K, reserved 425984K
}
Event: 41.774 GC heap before
{Heap before GC invocations=48 (full 0):
 garbage-first heap   total 295936K, used 229003K [0x0000000080000000, 0x0000000100000000)
  region size 1024K, 129 young (132096K), 2 survivors (2048K)
 Metaspace       used 88215K, committed 89024K, reserved 557056K
  class space    used 12470K, committed 12864K, reserved 425984K
}
Event: 41.793 GC heap after
{Heap after GC invocations=49 (full 0):
 garbage-first heap   total 295936K, used 118284K [0x0000000080000000, 0x0000000100000000)
  region size 1024K, 17 young (17408K), 17 survivors (17408K)
 Metaspace       used 88215K, committed 89024K, reserved 557056K
  class space    used 12470K, committed 12864K, reserved 425984K
}
Event: 41.813 GC heap before
{Heap before GC invocations=49 (full 0):
 garbage-first heap   total 295936K, used 119308K [0x0000000080000000, 0x0000000100000000)
  region size 1024K, 18 young (18432K), 17 survivors (17408K)
 Metaspace       used 88288K, committed 89088K, reserved 557056K
  class space    used 12482K, committed 12864K, reserved 425984K
}
Event: 41.829 GC heap after
{Heap after GC invocations=50 (full 0):
 garbage-first heap   total 295936K, used 120059K [0x0000000080000000, 0x0000000100000000)
  region size 1024K, 2 young (2048K), 2 survivors (2048K)
 Metaspace       used 88288K, committed 89088K, reserved 557056K
  class space    used 12482K, committed 12864K, reserved 425984K
}
Event: 43.941 GC heap before
{Heap before GC invocations=50 (full 0):
 garbage-first heap   total 295936K, used 228603K [0x0000000080000000, 0x0000000100000000)
  region size 1024K, 103 young (105472K), 2 survivors (2048K)
 Metaspace       used 90006K, committed 91008K, reserved 557056K
  class space    used 12679K, committed 13120K, reserved 425984K
}
Event: 43.957 GC heap after
{Heap after GC invocations=51 (full 0):
 garbage-first heap   total 295936K, used 145920K [0x0000000080000000, 0x0000000100000000)
  region size 1024K, 13 young (13312K), 13 survivors (13312K)
 Metaspace       used 90006K, committed 91008K, reserved 557056K
  class space    used 12679K, committed 13120K, reserved 425984K
}
Event: 45.283 GC heap before
{Heap before GC invocations=51 (full 0):
 garbage-first heap   total 295936K, used 227840K [0x0000000080000000, 0x0000000100000000)
  region size 1024K, 93 young (95232K), 13 survivors (13312K)
 Metaspace       used 94915K, committed 96000K, reserved 557056K
  class space    used 13365K, committed 13888K, reserved 425984K
}
Event: 45.300 GC heap after
{Heap after GC invocations=52 (full 0):
 garbage-first heap   total 295936K, used 152563K [0x0000000080000000, 0x0000000100000000)
  region size 1024K, 6 young (6144K), 6 survivors (6144K)
 Metaspace       used 94915K, committed 96000K, reserved 557056K
  class space    used 13365K, committed 13888K, reserved 425984K
}
Event: 46.496 GC heap before
{Heap before GC invocations=52 (full 0):
 garbage-first heap   total 295936K, used 233459K [0x0000000080000000, 0x0000000100000000)
  region size 1024K, 85 young (87040K), 6 survivors (6144K)
 Metaspace       used 98107K, committed 99264K, reserved 557056K
  class space    used 13746K, committed 14272K, reserved 425984K
}
Event: 46.516 GC heap after
{Heap after GC invocations=53 (full 0):
 garbage-first heap   total 295936K, used 162816K [0x0000000080000000, 0x0000000100000000)
  region size 1024K, 11 young (11264K), 11 survivors (11264K)
 Metaspace       used 98107K, committed 99264K, reserved 557056K
  class space    used 13746K, committed 14272K, reserved 425984K
}
Event: 47.427 GC heap before
{Heap before GC invocations=53 (full 0):
 garbage-first heap   total 295936K, used 236544K [0x0000000080000000, 0x0000000100000000)
  region size 1024K, 83 young (84992K), 11 survivors (11264K)
 Metaspace       used 98991K, committed 100032K, reserved 557056K
  class space    used 13829K, committed 14336K, reserved 425984K
}
Event: 47.452 GC heap after
{Heap after GC invocations=54 (full 0):
 garbage-first heap   total 295936K, used 171991K [0x0000000080000000, 0x0000000100000000)
  region size 1024K, 9 young (9216K), 9 survivors (9216K)
 Metaspace       used 98991K, committed 100032K, reserved 557056K
  class space    used 13829K, committed 14336K, reserved 425984K
}
Event: 48.583 GC heap before
{Heap before GC invocations=54 (full 0):
 garbage-first heap   total 295936K, used 238551K [0x0000000080000000, 0x0000000100000000)
  region size 1024K, 75 young (76800K), 9 survivors (9216K)
 Metaspace       used 100185K, committed 101376K, reserved 557056K
  class space    used 13972K, committed 14528K, reserved 425984K
}
Event: 48.604 GC heap after
{Heap after GC invocations=55 (full 0):
 garbage-first heap   total 295936K, used 178117K [0x0000000080000000, 0x0000000100000000)
  region size 1024K, 6 young (6144K), 6 survivors (6144K)
 Metaspace       used 100185K, committed 101376K, reserved 557056K
  class space    used 13972K, committed 14528K, reserved 425984K
}
Event: 49.660 GC heap before
{Heap before GC invocations=55 (full 0):
 garbage-first heap   total 295936K, used 247749K [0x0000000080000000, 0x0000000100000000)
  region size 1024K, 70 young (71680K), 6 survivors (6144K)
 Metaspace       used 101520K, committed 102656K, reserved 557056K
  class space    used 14082K, committed 14592K, reserved 425984K
}
Event: 49.678 GC heap after
{Heap after GC invocations=56 (full 0):
 garbage-first heap   total 295936K, used 183404K [0x0000000080000000, 0x0000000100000000)
  region size 1024K, 6 young (6144K), 6 survivors (6144K)
 Metaspace       used 101520K, committed 102656K, reserved 557056K
  class space    used 14082K, committed 14592K, reserved 425984K
}

